<?xml version="1.0" encoding="UTF-8"?>
<testng-results skipped="0" failed="0" total="1" passed="1">
  <reporter-output>
    <line>
      <![CDATA[Given the application Simplenote is opened]]>
    </line>
    <line>
      <![CDATA[When the user creates a new note]]>
    </line>
    <line>
      <![CDATA[And the user add some content to the note]]>
    </line>
    <line>
      <![CDATA[And the note is saved]]>
    </line>
    <line>
      <![CDATA[When the same note is selected]]>
    </line>
    <line>
      <![CDATA[Then it holds the same content]]>
    </line>
  </reporter-output>
  <suite name="Default suite" duration-ms="49908" started-at="2015-12-30T09:13:37Z" finished-at="2015-12-30T09:14:27Z">
    <groups>
    </groups>
    <test name="Default test" duration-ms="49908" started-at="2015-12-30T09:13:37Z" finished-at="2015-12-30T09:14:27Z">
      <class name="com.TestSimpleNotes">
        <test-method status="PASS" signature="setUp()[pri:0, instance:com.TestSimpleNotes@6bdf28bb]" name="setUp" is-config="true" duration-ms="7100" started-at="2015-12-30T11:13:37Z" finished-at="2015-12-30T11:13:44Z">
          <reporter-output>
          </reporter-output>
        </test-method> <!-- setUp -->
        <test-method status="PASS" signature="testAddNewNote()[pri:0, instance:com.TestSimpleNotes@6bdf28bb]" name="testAddNewNote" duration-ms="41633" started-at="2015-12-30T11:13:44Z" finished-at="2015-12-30T11:14:26Z">
          <reporter-output>
            <line>
              <![CDATA[Given the application Simplenote is opened]]>
            </line>
            <line>
              <![CDATA[When the user creates a new note]]>
            </line>
            <line>
              <![CDATA[And the user add some content to the note]]>
            </line>
            <line>
              <![CDATA[And the note is saved]]>
            </line>
            <line>
              <![CDATA[When the same note is selected]]>
            </line>
            <line>
              <![CDATA[Then it holds the same content]]>
            </line>
          </reporter-output>
        </test-method> <!-- testAddNewNote -->
        <test-method status="PASS" signature="tearDown()[pri:0, instance:com.TestSimpleNotes@6bdf28bb]" name="tearDown" is-config="true" duration-ms="1164" started-at="2015-12-30T11:14:26Z" finished-at="2015-12-30T11:14:27Z">
          <reporter-output>
          </reporter-output>
        </test-method> <!-- tearDown -->
      </class> <!-- com.TestSimpleNotes -->
    </test> <!-- Default test -->
  </suite> <!-- Default suite -->
</testng-results>
