<?xml version="1.0" encoding="UTF-8"?>
<testng-results skipped="0" failed="1" total="1" passed="0">
  <reporter-output>
    <line>
      <![CDATA[success to clickOnAddTaskListButton]]>
    </line>
    <line>
      <![CDATA[success to add list task and new 2 tasks]]>
    </line>
  </reporter-output>
  <suite name="Default suite" duration-ms="192991" started-at="2016-01-03T10:58:03Z" finished-at="2016-01-03T11:01:16Z">
    <groups>
    </groups>
    <test name="Default test" duration-ms="192991" started-at="2016-01-03T10:58:03Z" finished-at="2016-01-03T11:01:16Z">
      <class name="com.TestTeamWorkApp">
        <test-method status="PASS" signature="setUp()[pri:0, instance:com.TestTeamWorkApp@6bdf28bb]" name="setUp" is-config="true" duration-ms="7872" started-at="2016-01-03T12:58:03Z" finished-at="2016-01-03T12:58:10Z">
          <reporter-output>
          </reporter-output>
        </test-method> <!-- setUp -->
        <test-method status="FAIL" signature="testAddNewNote()[pri:0, instance:com.TestTeamWorkApp@6bdf28bb]" name="testAddNewNote" duration-ms="179912" started-at="2016-01-03T12:58:10Z" finished-at="2016-01-03T13:01:10Z">
          <exception class="org.openqa.selenium.TimeoutException">
            <message>
              <![CDATA[Timed out after 20 seconds waiting for presence of any elements located by By.xpath: //android.widget.ListView[@text='taslList234343']/../android.widget.TextView
Build info: version: '2.48.2', revision: '41bccdd10cf2c0560f637404c2d96164b67d9d67', time: '2015-10-09 13:08:06'
System info: host: '0814', ip: '127.0.1.1', os.name: 'Linux', os.arch: 'amd64', os.version: '3.13.0-74-generic', java.version: '1.8.0_66'
Driver info: io.appium.java_client.android.AndroidDriver
Capabilities [{app=/home/developer/workspaseJaveSelenium/teamworkApp/teamwork.apk, appPackage=net.teamworkpm.phone, networkConnectionEnabled=true, warnings={}, databaseEnabled=false, deviceName=192.168.56.101:5555, platform=LINUX, appActivity=.ProjectsActivity, desired={app=/home/developer/workspaseJaveSelenium/teamworkApp/teamwork.apk, appPackage=net.teamworkpm.phone, appActivity=.ProjectsActivity, platformVersion=4.2.2, platformName=Android, deviceName=google Galaxy Nexus - 4.2.2 - API 17 - 720x1280}, platformVersion=4.2.2, webStorageEnabled=false, locationContextEnabled=false, browserName=Android, takesScreenshot=true, javascriptEnabled=true, platformName=Android}]
Session ID: 1d26b87b-301a-4cf3-9eba-f2b57a8234d3]]>
            </message>
            <full-stacktrace>
              <![CDATA[org.openqa.selenium.TimeoutException: Timed out after 20 seconds waiting for presence of any elements located by By.xpath: //android.widget.ListView[@text='taslList234343']/../android.widget.TextView
Build info: version: '2.48.2', revision: '41bccdd10cf2c0560f637404c2d96164b67d9d67', time: '2015-10-09 13:08:06'
System info: host: '0814', ip: '127.0.1.1', os.name: 'Linux', os.arch: 'amd64', os.version: '3.13.0-74-generic', java.version: '1.8.0_66'
Driver info: io.appium.java_client.android.AndroidDriver
Capabilities [{app=/home/developer/workspaseJaveSelenium/teamworkApp/teamwork.apk, appPackage=net.teamworkpm.phone, networkConnectionEnabled=true, warnings={}, databaseEnabled=false, deviceName=192.168.56.101:5555, platform=LINUX, appActivity=.ProjectsActivity, desired={app=/home/developer/workspaseJaveSelenium/teamworkApp/teamwork.apk, appPackage=net.teamworkpm.phone, appActivity=.ProjectsActivity, platformVersion=4.2.2, platformName=Android, deviceName=google Galaxy Nexus - 4.2.2 - API 17 - 720x1280}, platformVersion=4.2.2, webStorageEnabled=false, locationContextEnabled=false, browserName=Android, takesScreenshot=true, javascriptEnabled=true, platformName=Android}]
Session ID: 1d26b87b-301a-4cf3-9eba-f2b57a8234d3
	at org.openqa.selenium.support.ui.WebDriverWait.timeoutException(WebDriverWait.java:80)
	at org.openqa.selenium.support.ui.FluentWait.until(FluentWait.java:261)
	at abstract_pages.AbstractMobilePageObject.findElements(AbstractMobilePageObject.java:88)
	at application_pages.ActiveTaskListsPage.IsTaskListExist(ActiveTaskListsPage.java:46)
	at com.TestTeamWorkApp.testAddNewNote(TestTeamWorkApp.java:63)
	at sun.reflect.NativeMethodAccessorImpl.invoke0(Native Method)
	at sun.reflect.NativeMethodAccessorImpl.invoke(NativeMethodAccessorImpl.java:62)
	at sun.reflect.DelegatingMethodAccessorImpl.invoke(DelegatingMethodAccessorImpl.java:43)
	at java.lang.reflect.Method.invoke(Method.java:497)
	at org.testng.internal.MethodInvocationHelper.invokeMethod(MethodInvocationHelper.java:86)
	at org.testng.internal.Invoker.invokeMethod(Invoker.java:643)
	at org.testng.internal.Invoker.invokeTestMethod(Invoker.java:820)
	at org.testng.internal.Invoker.invokeTestMethods(Invoker.java:1128)
	at org.testng.internal.TestMethodWorker.invokeTestMethods(TestMethodWorker.java:129)
	at org.testng.internal.TestMethodWorker.run(TestMethodWorker.java:112)
	at org.testng.TestRunner.privateRun(TestRunner.java:782)
	at org.testng.TestRunner.run(TestRunner.java:632)
	at org.testng.SuiteRunner.runTest(SuiteRunner.java:366)
	at org.testng.SuiteRunner.runSequentially(SuiteRunner.java:361)
	at org.testng.SuiteRunner.privateRun(SuiteRunner.java:319)
	at org.testng.SuiteRunner.run(SuiteRunner.java:268)
	at org.testng.SuiteRunnerWorker.runSuite(SuiteRunnerWorker.java:52)
	at org.testng.SuiteRunnerWorker.run(SuiteRunnerWorker.java:86)
	at org.testng.TestNG.runSuitesSequentially(TestNG.java:1244)
	at org.testng.TestNG.runSuitesLocally(TestNG.java:1169)
	at org.testng.TestNG.run(TestNG.java:1064)
	at org.testng.remote.RemoteTestNG.run(RemoteTestNG.java:113)
	at org.testng.remote.RemoteTestNG.initAndRun(RemoteTestNG.java:206)
	at org.testng.remote.RemoteTestNG.main(RemoteTestNG.java:177)
]]>
            </full-stacktrace>
          </exception> <!-- org.openqa.selenium.TimeoutException -->
          <reporter-output>
            <line>
              <![CDATA[success to clickOnAddTaskListButton]]>
            </line>
            <line>
              <![CDATA[success to add list task and new 2 tasks]]>
            </line>
          </reporter-output>
        </test-method> <!-- testAddNewNote -->
        <test-method status="PASS" signature="tearDown()[pri:0, instance:com.TestTeamWorkApp@6bdf28bb]" name="tearDown" is-config="true" duration-ms="5192" started-at="2016-01-03T13:01:10Z" finished-at="2016-01-03T13:01:16Z">
          <reporter-output>
          </reporter-output>
        </test-method> <!-- tearDown -->
      </class> <!-- com.TestTeamWorkApp -->
    </test> <!-- Default test -->
  </suite> <!-- Default suite -->
</testng-results>
